<?xml version="1.0" encoding="UTF-8" standalone="yes"?><!DOCTYPE report PUBLIC "-//JACOCO//DTD Report 1.1//EN" "report.dtd"><report name="untitled"><sessioninfo id="LAPTOP-UFPI1V3V-380fd49b" start="1677948941939" dump="1677948943610"/><sessioninfo id="LAPTOP-UFPI1V3V-c4af40bf" start="1677949324658" dump="1677949325974"/><sessioninfo id="LAPTOP-UFPI1V3V-a5573d77" start="1677950876301" dump="1677950878624"/><sessioninfo id="LAPTOP-UFPI1V3V-db0feb68" start="1677951261905" dump="1677951263813"/><sessioninfo id="LAPTOP-UFPI1V3V-b83df458" start="1677952374821" dump="1677952377830"/><sessioninfo id="LAPTOP-UFPI1V3V-969fbc50" start="1677952468724" dump="1677952470299"/><sessioninfo id="LAPTOP-UFPI1V3V-867f487e" start="1677952557194" dump="1677952557621"/><sessioninfo id="LAPTOP-UFPI1V3V-2a1cf467" start="1677952912403" dump="1677952912896"/><sessioninfo id="LAPTOP-UFPI1V3V-8fa52785" start="1677953330804" dump="1677953331188"/><sessioninfo id="LAPTOP-UFPI1V3V-a582efa" start="1677953521039" dump="1677953521538"/><sessioninfo id="LAPTOP-UFPI1V3V-855fb320" start="1677953565767" dump="1677953566173"/><sessioninfo id="LAPTOP-UFPI1V3V-2864f292" start="1677953636222" dump="1677953636621"/><sessioninfo id="LAPTOP-UFPI1V3V-84a08c48" start="1677953918438" dump="1677953918851"/><sessioninfo id="LAPTOP-UFPI1V3V-4a50f801" start="1677955014109" dump="1677955015487"/><sessioninfo id="LAPTOP-UFPI1V3V-9efe7827" start="1677955418916" dump="1677955419549"/><sessioninfo id="LAPTOP-UFPI1V3V-fe1422d2" start="1677956517404" dump="1677956520536"/><sessioninfo id="LAPTOP-UFPI1V3V-958065a5" start="1677958152220" dump="1677958155742"/><sessioninfo id="LAPTOP-UFPI1V3V-97b1e183" start="1677959038224" dump="1677959039617"/><sessioninfo id="LAPTOP-UFPI1V3V-5063a71f" start="1677959631779" dump="1677959633134"/><sessioninfo id="LAPTOP-UFPI1V3V-e397af8e" start="1677960187245" dump="1677960188680"/><sessioninfo id="LAPTOP-UFPI1V3V-ed978bd8" start="1677960412567" dump="1677960413953"/><sessioninfo id="LAPTOP-UFPI1V3V-d53e0a58" start="1677960622505" dump="1677960624058"/><sessioninfo id="LAPTOP-UFPI1V3V-f0524b58" start="1678010440349" dump="1678010450092"/><sessioninfo id="LAPTOP-UFPI1V3V-4a3b6fb3" start="1678010609884" dump="1678010611949"/><sessioninfo id="LAPTOP-UFPI1V3V-d7b10477" start="1678011333000" dump="1678011335888"/><sessioninfo id="LAPTOP-UFPI1V3V-2eb9d328" start="1678011866444" dump="1678011868050"/><sessioninfo id="LAPTOP-UFPI1V3V-864cbc4" start="1678012363571" dump="1678012365020"/><sessioninfo id="LAPTOP-UFPI1V3V-d8008119" start="1678012735982" dump="1678012737387"/><sessioninfo id="LAPTOP-UFPI1V3V-d9185b96" start="1678015248485" dump="1678015250156"/><sessioninfo id="LAPTOP-UFPI1V3V-7c285dc1" start="1678015376363" dump="1678015377683"/><sessioninfo id="LAPTOP-UFPI1V3V-5a22381e" start="1678015865218" dump="1678015866558"/><sessioninfo id="LAPTOP-UFPI1V3V-2c6f7da2" start="1678528701440" dump="1678528703839"/><sessioninfo id="LAPTOP-UFPI1V3V-ef00b5f7" start="1678561239615" dump="1678561241891"/><sessioninfo id="LAPTOP-UFPI1V3V-f486f094" start="1678561610966" dump="1678561612415"/><sessioninfo id="LAPTOP-UFPI1V3V-4e5729c8" start="1678561718868" dump="1678561720351"/><sessioninfo id="LAPTOP-UFPI1V3V-18c10007" start="1678562658424" dump="1678562659752"/><sessioninfo id="LAPTOP-UFPI1V3V-441d783c" start="1678562720267" dump="1678562721805"/><sessioninfo id="LAPTOP-UFPI1V3V-5e5f20bb" start="1678562931137" dump="1678562932720"/><sessioninfo id="LAPTOP-UFPI1V3V-bafe6845" start="1678562950105" dump="1678562951445"/><sessioninfo id="LAPTOP-UFPI1V3V-b8d43591" start="1678563333364" dump="1678563334831"/><sessioninfo id="LAPTOP-UFPI1V3V-7140bc8f" start="1678563646326" dump="1678563647747"/><sessioninfo id="LAPTOP-UFPI1V3V-2b18dcde" start="1678563789487" dump="1678563790848"/><sessioninfo id="LAPTOP-UFPI1V3V-162d885" start="1678563911370" dump="1678563912745"/><sessioninfo id="LAPTOP-UFPI1V3V-79466e88" start="1678564001273" dump="1678564002781"/><sessioninfo id="LAPTOP-UFPI1V3V-56c45590" start="1678564274698" dump="1678564276325"/><sessioninfo id="LAPTOP-UFPI1V3V-aac1e902" start="1678564417289" dump="1678564418625"/><sessioninfo id="LAPTOP-UFPI1V3V-b3c423dd" start="1678564506481" dump="1678564507968"/><sessioninfo id="LAPTOP-UFPI1V3V-98a290c8" start="1678564700413" dump="1678564701807"/><sessioninfo id="LAPTOP-UFPI1V3V-324c5f4d" start="1678645893628" dump="1678645895483"/><package name="com/example"><class name="com/example/Feline" sourcefilename="Feline.java"><method name="&lt;init&gt;" desc="()V" line="5"><counter type="INSTRUCTION" missed="0" covered="3"/><counter type="LINE" missed="0" covered="1"/><counter type="COMPLEXITY" missed="0" covered="1"/><counter type="METHOD" missed="0" covered="1"/></method><method name="eatMeat" desc="()Ljava/util/List;" line="9"><counter type="INSTRUCTION" missed="0" covered="4"/><counter type="LINE" missed="0" covered="1"/><counter type="COMPLEXITY" missed="0" covered="1"/><counter type="METHOD" missed="0" covered="1"/></method><method name="getFamily" desc="()Ljava/lang/String;" line="14"><counter type="INSTRUCTION" missed="0" covered="2"/><counter type="LINE" missed="0" covered="1"/><counter type="COMPLEXITY" missed="0" covered="1"/><counter type="METHOD" missed="0" covered="1"/></method><method name="getKittens" desc="()I" line="18"><counter type="INSTRUCTION" missed="0" covered="4"/><counter type="LINE" missed="0" covered="1"/><counter type="COMPLEXITY" missed="0" covered="1"/><counter type="METHOD" missed="0" covered="1"/></method><method name="getKittens" desc="(I)I" line="22"><counter type="INSTRUCTION" missed="0" covered="2"/><counter type="LINE" missed="0" covered="1"/><counter type="COMPLEXITY" missed="0" covered="1"/><counter type="METHOD" missed="0" covered="1"/></method><counter type="INSTRUCTION" missed="0" covered="15"/><counter type="LINE" missed="0" covered="5"/><counter type="COMPLEXITY" missed="0" covered="5"/><counter type="METHOD" missed="0" covered="5"/><counter type="CLASS" missed="0" covered="1"/></class><class name="com/example/Animal" sourcefilename="Animal.java"><method name="&lt;init&gt;" desc="()V" line="5"><counter type="INSTRUCTION" missed="0" covered="3"/><counter type="LINE" missed="0" covered="1"/><counter type="COMPLEXITY" missed="0" covered="1"/><counter type="METHOD" missed="0" covered="1"/></method><method name="getFood" desc="(Ljava/lang/String;)Ljava/util/List;" line="8"><counter type="INSTRUCTION" missed="0" covered="22"/><counter type="BRANCH" missed="0" covered="4"/><counter type="LINE" missed="0" covered="5"/><counter type="COMPLEXITY" missed="0" covered="3"/><counter type="METHOD" missed="0" covered="1"/></method><method name="getFamily" desc="()Ljava/lang/String;" line="18"><counter type="INSTRUCTION" missed="0" covered="2"/><counter type="LINE" missed="0" covered="1"/><counter type="COMPLEXITY" missed="0" covered="1"/><counter type="METHOD" missed="0" covered="1"/></method><counter type="INSTRUCTION" missed="0" covered="27"/><counter type="BRANCH" missed="0" covered="4"/><counter type="LINE" missed="0" covered="7"/><counter type="COMPLEXITY" missed="0" covered="5"/><counter type="METHOD" missed="0" covered="3"/><counter type="CLASS" missed="0" covered="1"/></class><class name="com/example/Lion" sourcefilename="Lion.java"><method name="&lt;init&gt;" desc="(Lcom/example/Feline;Ljava/lang/String;)V" line="8"><counter type="INSTRUCTION" missed="0" covered="32"/><counter type="BRANCH" missed="0" covered="4"/><counter type="LINE" missed="0" covered="9"/><counter type="COMPLEXITY" missed="0" covered="3"/><counter type="METHOD" missed="0" covered="1"/></method><method name="getKittens" desc="()I" line="23"><counter type="INSTRUCTION" missed="0" covered="4"/><counter type="LINE" missed="0" covered="1"/><counter type="COMPLEXITY" missed="0" covered="1"/><counter type="METHOD" missed="0" covered="1"/></method><method name="doesHaveMane" desc="()Z" line="27"><counter type="INSTRUCTION" missed="0" covered="3"/><counter type="LINE" missed="0" covered="1"/><counter type="COMPLEXITY" missed="0" covered="1"/><counter type="METHOD" missed="0" covered="1"/></method><method name="getFood" desc="()Ljava/util/List;" line="31"><counter type="INSTRUCTION" missed="0" covered="5"/><counter type="LINE" missed="0" covered="1"/><counter type="COMPLEXITY" missed="0" covered="1"/><counter type="METHOD" missed="0" covered="1"/></method><counter type="INSTRUCTION" missed="0" covered="44"/><counter type="BRANCH" missed="0" covered="4"/><counter type="LINE" missed="0" covered="12"/><counter type="COMPLEXITY" missed="0" covered="6"/><counter type="METHOD" missed="0" covered="4"/><counter type="CLASS" missed="0" covered="1"/></class><class name="com/example/Predator" sourcefilename="Predator.java"/><class name="com/example/Cat" sourcefilename="Cat.java"><method name="&lt;init&gt;" desc="(Lcom/example/Feline;)V" line="9"><counter type="INSTRUCTION" missed="0" covered="6"/><counter type="LINE" missed="0" covered="3"/><counter type="COMPLEXITY" missed="0" covered="1"/><counter type="METHOD" missed="0" covered="1"/></method><method name="getSound" desc="()Ljava/lang/String;" line="14"><counter type="INSTRUCTION" missed="0" covered="2"/><counter type="LINE" missed="0" covered="1"/><counter type="COMPLEXITY" missed="0" covered="1"/><counter type="METHOD" missed="0" covered="1"/></method><method name="getFood" desc="()Ljava/util/List;" line="18"><counter type="INSTRUCTION" missed="0" covered="4"/><counter type="LINE" missed="0" covered="1"/><counter type="COMPLEXITY" missed="0" covered="1"/><counter type="METHOD" missed="0" covered="1"/></method><counter type="INSTRUCTION" missed="0" covered="12"/><counter type="LINE" missed="0" covered="5"/><counter type="COMPLEXITY" missed="0" covered="3"/><counter type="METHOD" missed="0" covered="3"/><counter type="CLASS" missed="0" covered="1"/></class><sourcefile name="Lion.java"><line nr="8" mi="0" ci="5" mb="0" cb="0"/><line nr="11" mi="0" ci="2" mb="0" cb="0"/><line nr="12" mi="0" ci="3" mb="0" cb="0"/><line nr="13" mi="0" ci="4" mb="0" cb="2"/><line nr="14" mi="0" ci="4" mb="0" cb="0"/><line nr="15" mi="0" ci="4" mb="0" cb="2"/><line nr="16" mi="0" ci="4" mb="0" cb="0"/><line nr="18" mi="0" ci="5" mb="0" cb="0"/><line nr="20" mi="0" ci="1" mb="0" cb="0"/><line nr="23" mi="0" ci="4" mb="0" cb="0"/><line nr="27" mi="0" ci="3" mb="0" cb="0"/><line nr="31" mi="0" ci="5" mb="0" cb="0"/><counter type="INSTRUCTION" missed="0" covered="44"/><counter type="BRANCH" missed="0" covered="4"/><counter type="LINE" missed="0" covered="12"/><counter type="COMPLEXITY" missed="0" covered="6"/><counter type="METHOD" missed="0" covered="4"/><counter type="CLASS" missed="0" covered="1"/></sourcefile><sourcefile name="Predator.java"/><sourcefile name="Animal.java"><line nr="5" mi="0" ci="3" mb="0" cb="0"/><line nr="8" mi="0" ci="4" mb="0" cb="2"/><line nr="9" mi="0" ci="4" mb="0" cb="0"/><line nr="10" mi="0" ci="4" mb="0" cb="2"/><line nr="11" mi="0" ci="5" mb="0" cb="0"/><line nr="13" mi="0" ci="5" mb="0" cb="0"/><line nr="18" mi="0" ci="2" mb="0" cb="0"/><counter type="INSTRUCTION" missed="0" covered="27"/><counter type="BRANCH" missed="0" covered="4"/><counter type="LINE" missed="0" covered="7"/><counter type="COMPLEXITY" missed="0" covered="5"/><counter type="METHOD" missed="0" covered="3"/><counter type="CLASS" missed="0" covered="1"/></sourcefile><sourcefile name="Feline.java"><line nr="5" mi="0" ci="3" mb="0" cb="0"/><line nr="9" mi="0" ci="4" mb="0" cb="0"/><line nr="14" mi="0" ci="2" mb="0" cb="0"/><line nr="18" mi="0" ci="4" mb="0" cb="0"/><line nr="22" mi="0" ci="2" mb="0" cb="0"/><counter type="INSTRUCTION" missed="0" covered="15"/><counter type="LINE" missed="0" covered="5"/><counter type="COMPLEXITY" missed="0" covered="5"/><counter type="METHOD" missed="0" covered="5"/><counter type="CLASS" missed="0" covered="1"/></sourcefile><sourcefile name="Cat.java"><line nr="9" mi="0" ci="2" mb="0" cb="0"/><line nr="10" mi="0" ci="3" mb="0" cb="0"/><line nr="11" mi="0" ci="1" mb="0" cb="0"/><line nr="14" mi="0" ci="2" mb="0" cb="0"/><line nr="18" mi="0" ci="4" mb="0" cb="0"/><counter type="INSTRUCTION" missed="0" covered="12"/><counter type="LINE" missed="0" covered="5"/><counter type="COMPLEXITY" missed="0" covered="3"/><counter type="METHOD" missed="0" covered="3"/><counter type="CLASS" missed="0" covered="1"/></sourcefile><counter type="INSTRUCTION" missed="0" covered="98"/><counter type="BRANCH" missed="0" covered="8"/><counter type="LINE" missed="0" covered="29"/><counter type="COMPLEXITY" missed="0" covered="19"/><counter type="METHOD" missed="0" covered="15"/><counter type="CLASS" missed="0" covered="4"/></package><counter type="INSTRUCTION" missed="0" covered="98"/><counter type="BRANCH" missed="0" covered="8"/><counter type="LINE" missed="0" covered="29"/><counter type="COMPLEXITY" missed="0" covered="19"/><counter type="METHOD" missed="0" covered="15"/><counter type="CLASS" missed="0" covered="4"/></report>